<?xml version="1.0" encoding="UTF-8"?>
<testsuite name="test_transfer_request_tests.MyTestTransfer-20250325224659" tests="46" file="test_transfer_request_tests.py" time="0.038" timestamp="2025-03-25T22:47:00" failures="0" errors="0" skipped="0">
	<testcase classname="test_transfer_request_tests.MyTestTransfer" name="test10_f1_not_valid" time="0.000" timestamp="2025-03-25T22:47:00"/>
	<testcase classname="test_transfer_request_tests.MyTestTransfer" name="test11_f1_not_valid" time="0.000" timestamp="2025-03-25T22:47:00"/>
	<testcase classname="test_transfer_request_tests.MyTestTransfer" name="test12_f1_not_valid" time="0.000" timestamp="2025-03-25T22:47:00"/>
	<testcase classname="test_transfer_request_tests.MyTestTransfer" name="test13_f1_not_valid" time="0.000" timestamp="2025-03-25T22:47:00"/>
	<testcase classname="test_transfer_request_tests.MyTestTransfer" name="test14_f1_not_valid" time="0.000" timestamp="2025-03-25T22:47:00"/>
	<testcase classname="test_transfer_request_tests.MyTestTransfer" name="test15_f1_not_valid" time="0.000" timestamp="2025-03-25T22:47:00"/>
	<testcase classname="test_transfer_request_tests.MyTestTransfer" name="test16_f1_not_valid" time="0.000" timestamp="2025-03-25T22:47:00"/>
	<testcase classname="test_transfer_request_tests.MyTestTransfer" name="test17_f1_not_valid" time="0.000" timestamp="2025-03-25T22:47:00"/>
	<testcase classname="test_transfer_request_tests.MyTestTransfer" name="test18_f1_not_valid" time="0.016" timestamp="2025-03-25T22:47:00"/>
	<testcase classname="test_transfer_request_tests.MyTestTransfer" name="test19_f1_not_valid" time="0.000" timestamp="2025-03-25T22:47:00"/>
	<testcase classname="test_transfer_request_tests.MyTestTransfer" name="test1_f1_valid" time="0.010" timestamp="2025-03-25T22:47:00"/>
	<testcase classname="test_transfer_request_tests.MyTestTransfer" name="test20_f1_not_valid" time="0.000" timestamp="2025-03-25T22:47:00"/>
	<testcase classname="test_transfer_request_tests.MyTestTransfer" name="test21_f1_not_valid" time="0.000" timestamp="2025-03-25T22:47:00"/>
	<testcase classname="test_transfer_request_tests.MyTestTransfer" name="test22_f1_not_valid" time="0.000" timestamp="2025-03-25T22:47:00"/>
	<testcase classname="test_transfer_request_tests.MyTestTransfer" name="test23_f1_not_valid" time="0.000" timestamp="2025-03-25T22:47:00"/>
	<testcase classname="test_transfer_request_tests.MyTestTransfer" name="test24_f1_not_valid" time="0.000" timestamp="2025-03-25T22:47:00"/>
	<testcase classname="test_transfer_request_tests.MyTestTransfer" name="test25_f1_not_valid" time="0.000" timestamp="2025-03-25T22:47:00"/>
	<testcase classname="test_transfer_request_tests.MyTestTransfer" name="test26_f1_not_valid" time="0.000" timestamp="2025-03-25T22:47:00"/>
	<testcase classname="test_transfer_request_tests.MyTestTransfer" name="test27_f1_not_valid" time="0.002" timestamp="2025-03-25T22:47:00"/>
	<testcase classname="test_transfer_request_tests.MyTestTransfer" name="test28_f1_not_valid" time="0.000" timestamp="2025-03-25T22:47:00"/>
	<testcase classname="test_transfer_request_tests.MyTestTransfer" name="test29_f1_not_valid" time="0.000" timestamp="2025-03-25T22:47:00"/>
	<testcase classname="test_transfer_request_tests.MyTestTransfer" name="test2_f1_not_valid" time="0.000" timestamp="2025-03-25T22:47:00"/>
	<testcase classname="test_transfer_request_tests.MyTestTransfer" name="test30_f1_not_valid" time="0.000" timestamp="2025-03-25T22:47:00"/>
	<testcase classname="test_transfer_request_tests.MyTestTransfer" name="test31_f1_not_valid" time="0.000" timestamp="2025-03-25T22:47:00"/>
	<testcase classname="test_transfer_request_tests.MyTestTransfer" name="test32_f1_not_valid" time="0.000" timestamp="2025-03-25T22:47:00"/>
	<testcase classname="test_transfer_request_tests.MyTestTransfer" name="test34_f1_not_valid" time="0.000" timestamp="2025-03-25T22:47:00"/>
	<testcase classname="test_transfer_request_tests.MyTestTransfer" name="test35_f1_not_valid" time="0.000" timestamp="2025-03-25T22:47:00"/>
	<testcase classname="test_transfer_request_tests.MyTestTransfer" name="test36_f1_not_valid" time="0.000" timestamp="2025-03-25T22:47:00"/>
	<testcase classname="test_transfer_request_tests.MyTestTransfer" name="test37_f1_not_valid" time="0.000" timestamp="2025-03-25T22:47:00"/>
	<testcase classname="test_transfer_request_tests.MyTestTransfer" name="test38_valid_transfer" time="0.000" timestamp="2025-03-25T22:47:00"/>
	<testcase classname="test_transfer_request_tests.MyTestTransfer" name="test39_valid_transfer" time="0.000" timestamp="2025-03-25T22:47:00"/>
	<testcase classname="test_transfer_request_tests.MyTestTransfer" name="test3_f1_not_valid" time="0.000" timestamp="2025-03-25T22:47:00"/>
	<testcase classname="test_transfer_request_tests.MyTestTransfer" name="test40_valid_transfer" time="0.000" timestamp="2025-03-25T22:47:00"/>
	<testcase classname="test_transfer_request_tests.MyTestTransfer" name="test41_not_valid" time="0.000" timestamp="2025-03-25T22:47:00"/>
	<testcase classname="test_transfer_request_tests.MyTestTransfer" name="test42_valid_transfer" time="0.009" timestamp="2025-03-25T22:47:00"/>
	<testcase classname="test_transfer_request_tests.MyTestTransfer" name="test43_invalid_json_format" time="0.000" timestamp="2025-03-25T22:47:00"/>
	<testcase classname="test_transfer_request_tests.MyTestTransfer" name="test44_f1_not_valid" time="0.000" timestamp="2025-03-25T22:47:00"/>
	<testcase classname="test_transfer_request_tests.MyTestTransfer" name="test4_f1_not_valid" time="0.000" timestamp="2025-03-25T22:47:00"/>
	<testcase classname="test_transfer_request_tests.MyTestTransfer" name="test5_f1_not_valid" time="0.000" timestamp="2025-03-25T22:47:00"/>
	<testcase classname="test_transfer_request_tests.MyTestTransfer" name="test6_f1_not_valid" time="0.001" timestamp="2025-03-25T22:47:00"/>
	<testcase classname="test_transfer_request_tests.MyTestTransfer" name="test7_f1_not_valid" time="0.000" timestamp="2025-03-25T22:47:00"/>
	<testcase classname="test_transfer_request_tests.MyTestTransfer" name="test8_f1_not_valid" time="0.000" timestamp="2025-03-25T22:47:00"/>
	<testcase classname="test_transfer_request_tests.MyTestTransfer" name="test9_f1_not_valid" time="0.000" timestamp="2025-03-25T22:47:00"/>
	<testcase classname="test_transfer_request_tests.MyTestTransfer" name="test_validacion_amount" time="0.000" timestamp="2025-03-25T22:47:00"/>
	<testcase classname="test_transfer_request_tests.MyTestTransfer" name="test_validacion_concept" time="0.000" timestamp="2025-03-25T22:47:00"/>
	<testcase classname="test_transfer_request_tests.MyTestTransfer" name="test_validacion_iban" time="0.000" timestamp="2025-03-25T22:47:00"/>
</testsuite>
