<?xml version="1.0" encoding="UTF-8"?>
<testsuite name="test_deposit_tests.MyDepositTest-20250325224659" tests="69" file="test_deposit_tests.py" time="0.081" timestamp="2025-03-25T22:47:00" failures="0" errors="0" skipped="0">
	<testcase classname="test_deposit_tests.MyDepositTest" name="test10_f2_n5_mod" time="0.000" timestamp="2025-03-25T22:46:59"/>
	<testcase classname="test_deposit_tests.MyDepositTest" name="test11_f2_n6_del" time="0.000" timestamp="2025-03-25T22:46:59"/>
	<testcase classname="test_deposit_tests.MyDepositTest" name="test12_f2_n6_dup" time="0.000" timestamp="2025-03-25T22:46:59"/>
	<testcase classname="test_deposit_tests.MyDepositTest" name="test13_f2_n7_del" time="0.000" timestamp="2025-03-25T22:46:59"/>
	<testcase classname="test_deposit_tests.MyDepositTest" name="test14_f2_n7_dup" time="0.000" timestamp="2025-03-25T22:46:59"/>
	<testcase classname="test_deposit_tests.MyDepositTest" name="test15_f2_n7_mod" time="0.000" timestamp="2025-03-25T22:46:59"/>
	<testcase classname="test_deposit_tests.MyDepositTest" name="test16_f2_n8_del" time="0.000" timestamp="2025-03-25T22:46:59"/>
	<testcase classname="test_deposit_tests.MyDepositTest" name="test17_f2_n8_dup" time="0.014" timestamp="2025-03-25T22:46:59"/>
	<testcase classname="test_deposit_tests.MyDepositTest" name="test18_f2_n9_mod" time="0.000" timestamp="2025-03-25T22:46:59"/>
	<testcase classname="test_deposit_tests.MyDepositTest" name="test19_f2_n10_del" time="0.000" timestamp="2025-03-25T22:46:59"/>
	<testcase classname="test_deposit_tests.MyDepositTest" name="test1_valido" time="0.014" timestamp="2025-03-25T22:46:59"/>
	<testcase classname="test_deposit_tests.MyDepositTest" name="test20_f2_n10_dup" time="0.000" timestamp="2025-03-25T22:46:59"/>
	<testcase classname="test_deposit_tests.MyDepositTest" name="test21_f2_n10_mod" time="0.000" timestamp="2025-03-25T22:46:59"/>
	<testcase classname="test_deposit_tests.MyDepositTest" name="test22_f2_n11_del" time="0.000" timestamp="2025-03-25T22:46:59"/>
	<testcase classname="test_deposit_tests.MyDepositTest" name="test23_f2_n11_dup" time="0.000" timestamp="2025-03-25T22:46:59"/>
	<testcase classname="test_deposit_tests.MyDepositTest" name="test24_f2_n11_mod" time="0.000" timestamp="2025-03-25T22:46:59"/>
	<testcase classname="test_deposit_tests.MyDepositTest" name="test25_f2_n12_del" time="0.000" timestamp="2025-03-25T22:46:59"/>
	<testcase classname="test_deposit_tests.MyDepositTest" name="test26_f2_n12_dup" time="0.000" timestamp="2025-03-25T22:46:59"/>
	<testcase classname="test_deposit_tests.MyDepositTest" name="test27_f2_n12_mod" time="0.000" timestamp="2025-03-25T22:46:59"/>
	<testcase classname="test_deposit_tests.MyDepositTest" name="test28_f2_n13_del" time="0.000" timestamp="2025-03-25T22:46:59"/>
	<testcase classname="test_deposit_tests.MyDepositTest" name="test29_f2_n13_dup" time="0.016" timestamp="2025-03-25T22:46:59"/>
	<testcase classname="test_deposit_tests.MyDepositTest" name="test2_f2_n1_del" time="0.008" timestamp="2025-03-25T22:46:59"/>
	<testcase classname="test_deposit_tests.MyDepositTest" name="test30_f2_n14_del" time="0.008" timestamp="2025-03-25T22:46:59"/>
	<testcase classname="test_deposit_tests.MyDepositTest" name="test31_f2_n14_dup" time="0.000" timestamp="2025-03-25T22:46:59"/>
	<testcase classname="test_deposit_tests.MyDepositTest" name="test32_f2_n14_mod" time="0.000" timestamp="2025-03-25T22:46:59"/>
	<testcase classname="test_deposit_tests.MyDepositTest" name="test33_f2_n15_del" time="0.000" timestamp="2025-03-25T22:46:59"/>
	<testcase classname="test_deposit_tests.MyDepositTest" name="test34_f2_n15_dup" time="0.000" timestamp="2025-03-25T22:46:59"/>
	<testcase classname="test_deposit_tests.MyDepositTest" name="test35_f2_n15_mod" time="0.000" timestamp="2025-03-25T22:46:59"/>
	<testcase classname="test_deposit_tests.MyDepositTest" name="test36_f2_n16_del" time="0.000" timestamp="2025-03-25T22:46:59"/>
	<testcase classname="test_deposit_tests.MyDepositTest" name="test37_f2_n16_dup" time="0.000" timestamp="2025-03-25T22:46:59"/>
	<testcase classname="test_deposit_tests.MyDepositTest" name="test38_f2_n16_mod" time="0.000" timestamp="2025-03-25T22:46:59"/>
	<testcase classname="test_deposit_tests.MyDepositTest" name="test39_f2_n17_del" time="0.000" timestamp="2025-03-25T22:46:59"/>
	<testcase classname="test_deposit_tests.MyDepositTest" name="test3_f2_n1_dup" time="0.000" timestamp="2025-03-25T22:46:59"/>
	<testcase classname="test_deposit_tests.MyDepositTest" name="test40_f2_n17_dup" time="0.002" timestamp="2025-03-25T22:46:59"/>
	<testcase classname="test_deposit_tests.MyDepositTest" name="test41_f2_n17_mod" time="0.000" timestamp="2025-03-25T22:46:59"/>
	<testcase classname="test_deposit_tests.MyDepositTest" name="test42_f2_n18_del" time="0.000" timestamp="2025-03-25T22:46:59"/>
	<testcase classname="test_deposit_tests.MyDepositTest" name="test43_f2_n18_dup" time="0.000" timestamp="2025-03-25T22:46:59"/>
	<testcase classname="test_deposit_tests.MyDepositTest" name="test44_f2_n19_del" time="0.000" timestamp="2025-03-25T22:46:59"/>
	<testcase classname="test_deposit_tests.MyDepositTest" name="test45_f2_n19_dup" time="0.000" timestamp="2025-03-25T22:46:59"/>
	<testcase classname="test_deposit_tests.MyDepositTest" name="test46_f2_n19_mod" time="0.002" timestamp="2025-03-25T22:47:00"/>
	<testcase classname="test_deposit_tests.MyDepositTest" name="test47_f2_n20_del" time="0.002" timestamp="2025-03-25T22:47:00"/>
	<testcase classname="test_deposit_tests.MyDepositTest" name="test48_f2_n20_dup" time="0.000" timestamp="2025-03-25T22:47:00"/>
	<testcase classname="test_deposit_tests.MyDepositTest" name="test49_f2_n20_mod" time="0.002" timestamp="2025-03-25T22:47:00"/>
	<testcase classname="test_deposit_tests.MyDepositTest" name="test4_f2_n2_5_del" time="0.002" timestamp="2025-03-25T22:47:00"/>
	<testcase classname="test_deposit_tests.MyDepositTest" name="test50_f2_n21_24_del" time="0.000" timestamp="2025-03-25T22:47:00"/>
	<testcase classname="test_deposit_tests.MyDepositTest" name="test51_f2_n21_24_dup" time="0.000" timestamp="2025-03-25T22:47:00"/>
	<testcase classname="test_deposit_tests.MyDepositTest" name="test52_f2_n22_del" time="0.000" timestamp="2025-03-25T22:47:00"/>
	<testcase classname="test_deposit_tests.MyDepositTest" name="test53_f2_n22_dup" time="0.000" timestamp="2025-03-25T22:47:00"/>
	<testcase classname="test_deposit_tests.MyDepositTest" name="test54_f2_n22_mod" time="0.000" timestamp="2025-03-25T22:47:00"/>
	<testcase classname="test_deposit_tests.MyDepositTest" name="test55_f2_n23_del" time="0.000" timestamp="2025-03-25T22:47:00"/>
	<testcase classname="test_deposit_tests.MyDepositTest" name="test56_f2_n23_dup" time="0.000" timestamp="2025-03-25T22:47:00"/>
	<testcase classname="test_deposit_tests.MyDepositTest" name="test57_f2_n24_mod" time="0.000" timestamp="2025-03-25T22:47:00"/>
	<testcase classname="test_deposit_tests.MyDepositTest" name="test58_f2_n25_del" time="0.000" timestamp="2025-03-25T22:47:00"/>
	<testcase classname="test_deposit_tests.MyDepositTest" name="test59_f2_n25_dup" time="0.000" timestamp="2025-03-25T22:47:00"/>
	<testcase classname="test_deposit_tests.MyDepositTest" name="test5_f2_n2_5_dup" time="0.000" timestamp="2025-03-25T22:47:00"/>
	<testcase classname="test_deposit_tests.MyDepositTest" name="test60_f2_n25_mod" time="0.003" timestamp="2025-03-25T22:47:00"/>
	<testcase classname="test_deposit_tests.MyDepositTest" name="test61_f2_n26_del" time="0.000" timestamp="2025-03-25T22:47:00"/>
	<testcase classname="test_deposit_tests.MyDepositTest" name="test62_f2_n26_dup" time="0.000" timestamp="2025-03-25T22:47:00"/>
	<testcase classname="test_deposit_tests.MyDepositTest" name="test63_f2_n26_mod" time="0.003" timestamp="2025-03-25T22:47:00"/>
	<testcase classname="test_deposit_tests.MyDepositTest" name="test64_f2_n27_del" time="0.000" timestamp="2025-03-25T22:47:00"/>
	<testcase classname="test_deposit_tests.MyDepositTest" name="test65_f2_n27_dup" time="0.002" timestamp="2025-03-25T22:47:00"/>
	<testcase classname="test_deposit_tests.MyDepositTest" name="test66_f2_n27_mod" time="0.000" timestamp="2025-03-25T22:47:00"/>
	<testcase classname="test_deposit_tests.MyDepositTest" name="test67_f2_n10_mod" time="0.000" timestamp="2025-03-25T22:47:00"/>
	<testcase classname="test_deposit_tests.MyDepositTest" name="test68_f2_n15_mod" time="0.000" timestamp="2025-03-25T22:47:00"/>
	<testcase classname="test_deposit_tests.MyDepositTest" name="test69_f2_n26_del" time="0.003" timestamp="2025-03-25T22:47:00"/>
	<testcase classname="test_deposit_tests.MyDepositTest" name="test6_f2_n3_del" time="0.000" timestamp="2025-03-25T22:47:00"/>
	<testcase classname="test_deposit_tests.MyDepositTest" name="test7_f2_n3_dup" time="0.000" timestamp="2025-03-25T22:47:00"/>
	<testcase classname="test_deposit_tests.MyDepositTest" name="test8_f2_n4_9_del" time="0.000" timestamp="2025-03-25T22:47:00"/>
	<testcase classname="test_deposit_tests.MyDepositTest" name="test9_f2_n4_9_dup" time="0.000" timestamp="2025-03-25T22:47:00"/>
</testsuite>
